e:\trabajos\stockviewer\stockviewer\stockviewer\x64\debug\vc143.pdb
e:\trabajos\stockviewer\stockviewer\stockviewer\x64\debug\.netframework,version=v4.7.2.assemblyattributes.obj
e:\trabajos\stockviewer\stockviewer\stockviewer\x64\debug\usersmanagement.obj
e:\trabajos\stockviewer\stockviewer\stockviewer\x64\debug\svmain.obj
e:\trabajos\stockviewer\stockviewer\stockviewer\x64\debug\salesui.obj
e:\trabajos\stockviewer\stockviewer\stockviewer\x64\debug\createuser.obj
e:\trabajos\stockviewer\stockviewer\stockviewer\x64\debug\advancedui.obj
e:\trabajos\stockviewer\stockviewer\x64\debug\stockviewer.exe
e:\trabajos\stockviewer\stockviewer\x64\debug\stockviewer.pdb
e:\trabajos\stockviewer\stockviewer\stockviewer\x64\debug\stockviewer.advancedui.resources
e:\trabajos\stockviewer\stockviewer\stockviewer\x64\debug\stockviewer.createuser.resources
e:\trabajos\stockviewer\stockviewer\stockviewer\x64\debug\stockviewer.salesui.resources
e:\trabajos\stockviewer\stockviewer\stockviewer\x64\debug\stockviewer.svmainui.resources
e:\trabajos\stockviewer\stockviewer\stockviewer\x64\debug\stockviewer.usersmanagement.resources
e:\trabajos\stockviewer\stockviewer\x64\debug\stockviewer.lib
e:\trabajos\stockviewer\stockviewer\x64\debug\stockviewer.exp
e:\trabajos\stockviewer\stockviewer\stockviewer\x64\debug\stockviewer.tlog\cl.command.1.tlog
e:\trabajos\stockviewer\stockviewer\stockviewer\x64\debug\stockviewer.tlog\cl.read.1.tlog
e:\trabajos\stockviewer\stockviewer\stockviewer\x64\debug\stockviewer.tlog\cl.write.1.tlog
e:\trabajos\stockviewer\stockviewer\stockviewer\x64\debug\stockviewer.tlog\link.4512.delete.1.tlog
e:\trabajos\stockviewer\stockviewer\stockviewer\x64\debug\stockviewer.tlog\link.7272.delete.1.tlog
e:\trabajos\stockviewer\stockviewer\stockviewer\x64\debug\stockviewer.tlog\link.command.1.tlog
e:\trabajos\stockviewer\stockviewer\stockviewer\x64\debug\stockviewer.tlog\link.read.1.tlog
e:\trabajos\stockviewer\stockviewer\stockviewer\x64\debug\stockviewer.tlog\link.write.1.tlog
e:\trabajos\stockviewer\stockviewer\stockviewer\x64\debug\stockviewer.tlog\metagen.read.1.tlog
e:\trabajos\stockviewer\stockviewer\stockviewer\x64\debug\stockviewer.tlog\metagen.write.1.tlog
e:\trabajos\stockviewer\stockviewer\stockviewer\x64\debug\stockviewer.tlog\stockviewer.write.1u.tlog
